2025-08-19 00:00:12,800 [ERROR] LogOutputStream:75 - [STDERR_REDIRECT] Aug 19, 2025 12:00:12 AM java.util.prefs.FileSystemPreferences checkLockFile0ErrorCode
2025-08-19 00:00:12,801 [ERROR] LogOutputStream:75 - [STDERR_REDIRECT] WARNING: Could not lock System prefs. Unix error code 2.
2025-08-19 00:00:12,801 [ERROR] LogOutputStream:75 - [STDERR_REDIRECT] 
2025-08-19 00:00:12,801 [ERROR] LogOutputStream:75 - [STDERR_REDIRECT] Aug 19, 2025 12:00:12 AM java.util.prefs.FileSystemPreferences syncWorld
2025-08-19 00:00:12,801 [ERROR] LogOutputStream:75 - [STDERR_REDIRECT] WARNING: Couldn't flush system prefs: java.util.prefs.BackingStoreException: Couldn't get file lock.
2025-08-19 00:00:12,801 [ERROR] LogOutputStream:75 - [STDERR_REDIRECT] 
2025-08-19 00:00:42,801 [ERROR] LogOutputStream:75 - [STDERR_REDIRECT] Aug 19, 2025 12:00:42 AM java.util.prefs.FileSystemPreferences checkLockFile0ErrorCode
2025-08-19 00:00:42,801 [ERROR] LogOutputStream:75 - [STDERR_REDIRECT] WARNING: Could not lock System prefs. Unix error code 2.
2025-08-19 00:00:42,801 [ERROR] LogOutputStream:75 - [STDERR_REDIRECT] 
2025-08-19 00:00:42,801 [ERROR] LogOutputStream:75 - [STDERR_REDIRECT] Aug 19, 2025 12:00:42 AM java.util.prefs.FileSystemPreferences syncWorld
2025-08-19 00:00:42,801 [ERROR] LogOutputStream:75 - [STDERR_REDIRECT] WARNING: Couldn't flush system prefs: java.util.prefs.BackingStoreException: Couldn't get file lock.
2025-08-19 00:00:42,801 [ERROR] LogOutputStream:75 - [STDERR_REDIRECT] 
2025-08-19 00:01:12,800 [ERROR] LogOutputStream:75 - [STDERR_REDIRECT] Aug 19, 2025 12:01:12 AM java.util.prefs.FileSystemPreferences checkLockFile0ErrorCode
2025-08-19 00:01:12,800 [ERROR] LogOutputStream:75 - [STDERR_REDIRECT] WARNING: Could not lock System prefs. Unix error code 2.
2025-08-19 00:01:12,800 [ERROR] LogOutputStream:75 - [STDERR_REDIRECT] 
2025-08-19 00:01:12,801 [ERROR] LogOutputStream:75 - [STDERR_REDIRECT] Aug 19, 2025 12:01:12 AM java.util.prefs.FileSystemPreferences syncWorld
2025-08-19 00:01:12,801 [ERROR] LogOutputStream:75 - [STDERR_REDIRECT] WARNING: Couldn't flush system prefs: java.util.prefs.BackingStoreException: Couldn't get file lock.
2025-08-19 00:01:12,801 [ERROR] LogOutputStream:75 - [STDERR_REDIRECT] 
2025-08-19 00:01:42,800 [ERROR] LogOutputStream:75 - [STDERR_REDIRECT] Aug 19, 2025 12:01:42 AM java.util.prefs.FileSystemPreferences checkLockFile0ErrorCode
2025-08-19 00:01:42,800 [ERROR] LogOutputStream:75 - [STDERR_REDIRECT] WARNING: Could not lock System prefs. Unix error code 2.
2025-08-19 00:01:42,800 [ERROR] LogOutputStream:75 - [STDERR_REDIRECT] 
2025-08-19 00:01:42,800 [ERROR] LogOutputStream:75 - [STDERR_REDIRECT] Aug 19, 2025 12:01:42 AM java.util.prefs.FileSystemPreferences syncWorld
2025-08-19 00:01:42,800 [ERROR] LogOutputStream:75 - [STDERR_REDIRECT] WARNING: Couldn't flush system prefs: java.util.prefs.BackingStoreException: Couldn't get file lock.
2025-08-19 00:01:42,800 [ERROR] LogOutputStream:75 - [STDERR_REDIRECT] 
2025-08-19 00:02:12,800 [ERROR] LogOutputStream:75 - [STDERR_REDIRECT] Aug 19, 2025 12:02:12 AM java.util.prefs.FileSystemPreferences checkLockFile0ErrorCode
2025-08-19 00:02:12,800 [ERROR] LogOutputStream:75 - [STDERR_REDIRECT] WARNING: Could not lock System prefs. Unix error code 2.
2025-08-19 00:02:12,800 [ERROR] LogOutputStream:75 - [STDERR_REDIRECT] 
2025-08-19 00:02:12,800 [ERROR] LogOutputStream:75 - [STDERR_REDIRECT] Aug 19, 2025 12:02:12 AM java.util.prefs.FileSystemPreferences syncWorld
2025-08-19 00:02:12,800 [ERROR] LogOutputStream:75 - [STDERR_REDIRECT] WARNING: Couldn't flush system prefs: java.util.prefs.BackingStoreException: Couldn't get file lock.
2025-08-19 00:02:12,800 [ERROR] LogOutputStream:75 - [STDERR_REDIRECT] 
2025-08-19 00:02:42,801 [ERROR] LogOutputStream:75 - [STDERR_REDIRECT] Aug 19, 2025 12:02:42 AM java.util.prefs.FileSystemPreferences checkLockFile0ErrorCode
2025-08-19 00:02:42,801 [ERROR] LogOutputStream:75 - [STDERR_REDIRECT] WARNING: Could not lock System prefs. Unix error code 2.
2025-08-19 00:02:42,801 [ERROR] LogOutputStream:75 - [STDERR_REDIRECT] 
2025-08-19 00:02:42,801 [ERROR] LogOutputStream:75 - [STDERR_REDIRECT] Aug 19, 2025 12:02:42 AM java.util.prefs.FileSystemPreferences syncWorld
2025-08-19 00:02:42,801 [ERROR] LogOutputStream:75 - [STDERR_REDIRECT] WARNING: Couldn't flush system prefs: java.util.prefs.BackingStoreException: Couldn't get file lock.
2025-08-19 00:02:42,801 [ERROR] LogOutputStream:75 - [STDERR_REDIRECT] 
2025-08-19 00:03:12,800 [ERROR] LogOutputStream:75 - [STDERR_REDIRECT] Aug 19, 2025 12:03:12 AM java.util.prefs.FileSystemPreferences checkLockFile0ErrorCode
2025-08-19 00:03:12,800 [ERROR] LogOutputStream:75 - [STDERR_REDIRECT] WARNING: Could not lock System prefs. Unix error code 2.
2025-08-19 00:03:12,801 [ERROR] LogOutputStream:75 - [STDERR_REDIRECT] 
2025-08-19 00:03:12,801 [ERROR] LogOutputStream:75 - [STDERR_REDIRECT] Aug 19, 2025 12:03:12 AM java.util.prefs.FileSystemPreferences syncWorld
2025-08-19 00:03:12,801 [ERROR] LogOutputStream:75 - [STDERR_REDIRECT] WARNING: Couldn't flush system prefs: java.util.prefs.BackingStoreException: Couldn't get file lock.
2025-08-19 00:03:12,801 [ERROR] LogOutputStream:75 - [STDERR_REDIRECT] 
2025-08-19 00:03:42,800 [ERROR] LogOutputStream:75 - [STDERR_REDIRECT] Aug 19, 2025 12:03:42 AM java.util.prefs.FileSystemPreferences checkLockFile0ErrorCode
2025-08-19 00:03:42,800 [ERROR] LogOutputStream:75 - [STDERR_REDIRECT] WARNING: Could not lock System prefs. Unix error code 2.
2025-08-19 00:03:42,800 [ERROR] LogOutputStream:75 - [STDERR_REDIRECT] 
2025-08-19 00:03:42,800 [ERROR] LogOutputStream:75 - [STDERR_REDIRECT] Aug 19, 2025 12:03:42 AM java.util.prefs.FileSystemPreferences syncWorld
2025-08-19 00:03:42,800 [ERROR] LogOutputStream:75 - [STDERR_REDIRECT] WARNING: Couldn't flush system prefs: java.util.prefs.BackingStoreException: Couldn't get file lock.
2025-08-19 00:03:42,800 [ERROR] LogOutputStream:75 - [STDERR_REDIRECT] 
2025-08-19 00:04:12,801 [ERROR] LogOutputStream:75 - [STDERR_REDIRECT] Aug 19, 2025 12:04:12 AM java.util.prefs.FileSystemPreferences checkLockFile0ErrorCode
2025-08-19 00:04:12,801 [ERROR] LogOutputStream:75 - [STDERR_REDIRECT] WARNING: Could not lock System prefs. Unix error code 2.
2025-08-19 00:04:12,801 [ERROR] LogOutputStream:75 - [STDERR_REDIRECT] 
2025-08-19 00:04:12,801 [ERROR] LogOutputStream:75 - [STDERR_REDIRECT] Aug 19, 2025 12:04:12 AM java.util.prefs.FileSystemPreferences syncWorld
2025-08-19 00:04:12,801 [ERROR] LogOutputStream:75 - [STDERR_REDIRECT] WARNING: Couldn't flush system prefs: java.util.prefs.BackingStoreException: Couldn't get file lock.
2025-08-19 00:04:12,801 [ERROR] LogOutputStream:75 - [STDERR_REDIRECT] 
2025-08-19 00:04:42,800 [ERROR] LogOutputStream:75 - [STDERR_REDIRECT] Aug 19, 2025 12:04:42 AM java.util.prefs.FileSystemPreferences checkLockFile0ErrorCode
2025-08-19 00:04:42,800 [ERROR] LogOutputStream:75 - [STDERR_REDIRECT] WARNING: Could not lock System prefs. Unix error code 2.
2025-08-19 00:04:42,800 [ERROR] LogOutputStream:75 - [STDERR_REDIRECT] 
2025-08-19 00:04:42,800 [ERROR] LogOutputStream:75 - [STDERR_REDIRECT] Aug 19, 2025 12:04:42 AM java.util.prefs.FileSystemPreferences syncWorld
2025-08-19 00:04:42,800 [ERROR] LogOutputStream:75 - [STDERR_REDIRECT] WARNING: Couldn't flush system prefs: java.util.prefs.BackingStoreException: Couldn't get file lock.
2025-08-19 00:04:42,800 [ERROR] LogOutputStream:75 - [STDERR_REDIRECT] 
